1587620668277	mozrunner::runner	INFO	Running command: "D:\\Program Files\\Mozilla Firefox\\firefox.exe" "-marionette" "-foreground" "-no-remote" "-profile" "C:\\Users\\杜越新\\AppData\\Local\\Temp\\rust_mozprofile.zGRn2W7BP6lv"
1587620669480	addons.webextension.doh-rollout@mozilla.org	WARN	Loading extension 'doh-rollout@mozilla.org': Reading manifest: Invalid extension permission: networkStatus
1587620670219	addons.webextension.screenshots@mozilla.org	WARN	Loading extension 'screenshots@mozilla.org': Reading manifest: Invalid extension permission: mozillaAddons
1587620670219	addons.webextension.screenshots@mozilla.org	WARN	Loading extension 'screenshots@mozilla.org': Reading manifest: Invalid extension permission: telemetry
1587620670220	addons.webextension.screenshots@mozilla.org	WARN	Loading extension 'screenshots@mozilla.org': Reading manifest: Invalid extension permission: resource://pdf.js/
1587620670220	addons.webextension.screenshots@mozilla.org	WARN	Loading extension 'screenshots@mozilla.org': Reading manifest: Invalid extension permission: about:reader*
JavaScript error: resource://gre/modules/XULStore.jsm, line 66: Error: Can't find profile directory.
1587620672918	Marionette	INFO	Listening on port 34531
1587620673006	Marionette	WARN	TLS certificate errors will be ignored for this session
JavaScript warning: http://192.168.159.143:8080/WoniuBoss2.5/js/moment-with-locales.min.js, line 1: unreachable code after return statement
JavaScript warning: http://192.168.159.143:8080/WoniuBoss2.5/, line 2728: unreachable code after return statement
1587620681476	Marionette	WARN	TimedPromise timed out after 500 ms: stacktrace:
TimedPromise/<@chrome://marionette/content/sync.js:244:13
TimedPromise@chrome://marionette/content/sync.js:229:10
interaction.flushEventLoop@chrome://marionette/content/interaction.js:416:10
webdriverClickElement@chrome://marionette/content/interaction.js:182:31
send@http://code.jquery.com/jquery.js:9631:10
ajax@http://code.jquery.com/jquery.js:9176:15
showsecond@http://192.168.159.143:8080/WoniuBoss2.5/finance:1653:6
success@http://192.168.159.143:8080/WoniuBoss2.5/finance:1643:16
fire@http://code.jquery.com/jquery.js:3119:30
fireWith@http://code.jquery.com/jquery.js:3231:11
done@http://code.jquery.com/jquery.js:9275:14
callback@http://code.jquery.com/jquery.js:9685:16
send@http://code.jquery.com/jquery.js:9631:10
ajax@http://code.jquery.com/jquery.js:9176:15
showsecond@http://192.168.159.143:8080/WoniuBoss2.5/finance:1653:6
success@http://192.168.159.143:8080/WoniuBoss2.5/finance:1624:16
fire@http://code.jquery.com/jquery.js:3119:30
fireWith@http://code.jquery.com/jquery.js:3231:11
done@http://code.jquery.com/jquery.js:9275:14
callback@http://code.jquery.com/jquery.js:9685:16
JavaScript warning: https://coding.imooc.com/static/lib/util/placeholder.js?v=202004211935, line 101: unreachable code after return statement
JavaScript warning: https://coding.imooc.com/static/lib/backbone/backbone-1.0.0.min.js?v=202004211935, line 4: Using //@ to indicate sourceMappingURL pragmas is deprecated. Use //# instead
1587628297024	Marionette	INFO	Stopped listening on port 34531

###!!! [Child][RunMessage] Error: Channel closing: too late to send/recv, messages will be lost

ozilla.org': Reading manifest: Invalid extension permission: mozillaAddons
1587620800011	addons.webextension.screenshots@mozilla.org	WARN	Loading extension 'screenshots@mozilla.org': Reading manifest: Invalid extension permission: telemetry
1587620800011	addons.webextension.screenshots@mozilla.org	WARN	Loading extension 'screenshots@mozilla.org': Reading manifest: Invalid extension permission: resource://pdf.js/
1587620800011	addons.webextension.screenshots@mozilla.org	WARN	Loading extension 'screenshots@mozilla.org': Reading manifest: Invalid extension permission: about:reader*
JavaScript error: resource://gre/modules/XULStore.jsm, line 66: Error: Can't find profile directory.
1587620802621	Marionette	INFO	Listening on port 34623
1587620803056	Marionette	WARN	TLS certificate errors will be ignored for this session
JavaScript warning: http://192.168.159.143:8080/WoniuBoss2.5/js/moment-with-locales.min.js, line 1: unreachable code after return statement
JavaScript warning: http://192.168.159.143:8080/WoniuBoss2.5/, line 2728: unreachable code after return statement
JavaScript warning: https://coding.imooc.com/static/lib/util/placeholder.js?v=202004211935, line 101: unreachable code after return statement
JavaScript warning: https://coding.imooc.com/static/lib/backbone/backbone-1.0.0.min.js?v=202004211935, line 4: Using //@ to indicate sourceMappingURL pragmas is deprecated. Use //# instead
console.warn: LoginRecipes: "getRecipes: falling back to a synchronous message for:" "http://192.168.159.143:8080"
JavaScript warning: resource://devtools/server/actors/inspector/event-collector.js, line 531: debuggee `http://code.jquery.com/jquery.js:3886' would run
JavaScript warning: http://192.168.159.143:8080/WoniuBoss2.5/js/moment-with-locales.min.js, line 1: unreachable code after return statement
JavaScript warning: http://192.168.159.143:8080/WoniuBoss2.5/, line 2728: unreachable code after return statement
JavaScript warning: resource://devtools/server/actors/inspector/event-collector.js, line 531: debuggee `http://code.jquery.com/jquery.js:3886' would run
JavaScript error: resource://devtools/server/actors/highlighters.js, line 327: TypeError: this._highlighter is null
1587622798656	Marionette	INFO	Stopped listening on port 34623

###!!! [Child][RunMessage] Error: Channel closing: too late to send/recv, messages will be lost


###!!! [Child][MessageChannel::SendAndWait] Error: Channel error: cannot send/recv

 extension permission: about:reader*
JavaScript error: resource://gre/modules/XULStore.jsm, line 66: Error: Can't find profile directory.
1587621449413	Marionette	INFO	Listening on port 35007
1587621449425	Marionette	WARN	TLS certificate errors will be ignored for this session
JavaScript warning: http://192.168.159.143:8080/WoniuBoss2.5/js/moment-with-locales.min.js, line 1: unreachable code after return statement
JavaScript warning: http://192.168.159.143:8080/WoniuBoss2.5/, line 2728: unreachable code after return statement
1587621476422	Marionette	INFO	Stopped listening on port 35007

###!!! [Child][RunMessage] Error: Channel closing: too late to send/recv, messages will be lost


###!!! [Child][MessageChannel::SendAndWait] Error: Channel error: cannot send/recv

1587621663701	mozrunner::runner	INFO	Running command: "D:\\Program Files\\Mozilla Firefox\\firefox.exe" "-marionette" "-foreground" "-no-remote" "-profile" "C:\\Users\\杜越新\\AppData\\Local\\Temp\\rust_mozprofile.i62R0tNBI99H"
1587621664871	addons.webextension.doh-rollout@mozilla.org	WARN	Loading extension 'doh-rollout@mozilla.org': Reading manifest: Invalid extension permission: networkStatus
1587621665616	addons.webextension.screenshots@mozilla.org	WARN	Loading extension 'screenshots@mozilla.org': Reading manifest: Invalid extension permission: mozillaAddons
1587621665616	addons.webextension.screenshots@mozilla.org	WARN	Loading extension 'screenshots@mozilla.org': Reading manifest: Invalid extension permission: telemetry
1587621665616	addons.webextension.screenshots@mozilla.org	WARN	Loading extension 'screenshots@mozilla.org': Reading manifest: Invalid extension permission: resource://pdf.js/
1587621665616	addons.webextension.screenshots@mozilla.org	WARN	Loading extension 'screenshots@mozilla.org': Reading manifest: Invalid extension permission: about:reader*
JavaScript error: resource://gre/modules/XULStore.jsm, line 66: Error: Can't find profile directory.
1587621668118	Marionette	INFO	Listening on port 35088
1587621668431	Marionette	WARN	TLS certificate errors will be ignored for this session
JavaScript warning: http://192.168.159.143:8080/WoniuBoss2.5/js/moment-with-locales.min.js, line 1: unreachable code after return statement
JavaScript warning: http://192.168.159.143:8080/WoniuBoss2.5/, line 2728: unreachable code after return statement
1587621678310	Marionette	WARN	TimedPromise timed out after 0 ms: stacktrace:
TimedPromise/<@chrome://marionette/content/sync.js:244:13
TimedPromise@chrome://marionette/content/sync.js:229:10
Sleep@chrome://marionette/content/sync.js:282:10
dispatchPause@chrome://marionette/content/action.js:1482:10
toEvents/<@chrome://marionette/content/action.js:1156:16
action.dispatchTickActions@chrome://marionette/content/action.js:1060:35
action.dispatch/chainEvents<@chrome://marionette/content/action.js:1028:20
action.dispatch@chrome://marionette/content/action.js:1034:5
performActions@chrome://marionette/content/listener.js:850:16
dispatch/</req<@chrome://marionette/content/listener.js:527:14
dispatch/<@chrome://marionette/content/listener.js:520:15
1587621678646	Marionette	WARN	TimedPromise timed out after 0 ms: stacktrace:
TimedPromise/<@chrome://marionette/content/sync.js:244:13
TimedPromise@chrome://marionette/content/sync.js:229:10
Sleep@chrome://marionette/content/sync.js:282:10
dispatchPause@chrome://marionette/content/action.js:1482:10
toEvents/<@chrome://marionette/content/action.js:1156:16
action.dispatchTickActions@chrome://marionette/content/action.js:1060:35
action.dispatch/chainEvents<@chrome://marionette/content/action.js:1028:20
1587621678651	Marionette	WARN	TimedPromise timed out after 0 ms: stacktrace:
TimedPromise/<@chrome://marionette/content/sync.js:244:13
TimedPromise@chrome://marionette/content/sync.js:229:10
Sleep@chrome://marionette/content/sync.js:282:10
dispatchPause@chrome://marionette/content/action.js:1482:10
toEvents/<@chrome://marionette/content/action.js:1156:16
action.dispatchTickActions@chrome://marionette/content/action.js:1060:35
action.dispatch/chainEvents<@chrome://marionette/content/action.js:1028:20
1587621678653	Marionette	WARN	TimedPromise timed out after 0 ms: stacktrace:
TimedPromise/<@chrome://marionette/content/sync.js:244:13
TimedPromise@chrome://marionette/content/sync.js:229:10
Sleep@chrome://marionette/content/sync.js:282:10
dispatchPause@chrome://marionette/content/action.js:1482:10
toEvents/<@chrome://marionette/content/action.js:1156:16
action.dispatchTickActions@chrome://marionette/content/action.js:1060:35
action.dispatch/chainEvents<@chrome://marionette/content/action.js:1028:20
1587621678658	Marionette	WARN	TimedPromise timed out after 0 ms: stacktrace:
TimedPromise/<@chrome://marionette/content/sync.js:244:13
TimedPromise@chrome://marionette/content/sync.js:229:10
Sleep@chrome://marionette/content/sync.js:282:10
dispatchPause@chrome://marionette/content/action.js:1482:10
toEvents/<@chrome://marionette/content/action.js:1156:16
action.dispatchTickActions@chrome://marionette/content/action.js:1060:35
action.dispatch/chainEvents<@chrome://marionette/content/action.js:1028:20
1587621680039	Marionette	WARN	TimedPromise timed out after 0 ms: stacktrace:
TimedPromise/<@chrome://marionette/content/sync.js:244:13
TimedPromise@chrome://marionette/content/sync.js:229:10
Sleep@chrome://marionette/content/sync.js:282:10
dispatchPause@chrome://marionette/content/action.js:1482:10
toEvents/<@chrome://marionette/content/action.js:1156:16
action.dispatchTickActions@chrome://marionette/content/action.js:1060:35
action.dispatch/chainEvents<@chrome://marionette/content/action.js:1028:20
action.dispatch@chrome://marionette/content/action.js:1034:5
performActions@chrome://marionette/content/listener.js:850:16
dispatch/</req<@chrome://marionette/content/listener.js:527:14
dispatch/<@chrome://marionette/content/listener.js:520:15
1587621680386	Marionette	WARN	TimedPromise timed out after 0 ms: stacktrace:
TimedPromise/<@chrome://marionette/content/sync.js:244:13
TimedPromise@chrome://marionette/content/sync.js:229:10
Sleep@chrome://marionette/content/sync.js:282:10
dispatchPause@chrome://marionette/content/action.js:1482:10
toEvents/<@chrome://marionette/content/action.js:1156:16
action.dispatchTickActions@chrome://marionette/content/action.js:1060:35
action.dispatch/chainEvents<@chrome://marionette/content/action.js:1028:20
1587621680389	Marionette	WARN	TimedPromise timed out after 0 ms: stacktrace:
TimedPromise/<@chrome://marionette/content/sync.js:244:13
TimedPromise@chrome://marionette/content/sync.js:229:10
Sleep@chrome://marionette/content/sync.js:282:10
dispatchPause@chrome://marionette/content/action.js:1482:10
toEvents/<@chrome://marionette/content/action.js:1156:16
action.dispatchTickActions@chrome://marionette/content/action.js:1060:35
action.dispatch/chainEvents<@chrome://marionette/content/action.js:1028:20
1587621680391	Marionette	WARN	TimedPromise timed out after 0 ms: stacktrace:
TimedPromise/<@chrome://marionette/content/sync.js:244:13
TimedPromise@chrome://marionette/content/sync.js:229:10
Sleep@chrome://marionette/content/sync.js:282:10
dispatchPause@chrome://marionette/content/action.js:1482:10
toEvents/<@chrome://marionette/content/action.js:1156:16
action.dispatchTickActions@chrome://marionette/content/action.js:1060:35
action.dispatch/chainEvents<@chrome://marionette/content/action.js:1028:20
1587621680396	Marionette	WARN	TimedPromise timed out after 0 ms: stacktrace:
TimedPromise/<@chrome://marionette/content/sync.js:244:13
TimedPromise@chrome://marionette/content/sync.js:229:10
Sleep@chrome://marionette/content/sync.js:282:10
dispatchPause@chrome://marionette/content/action.js:1482:10
toEvents/<@chrome://marionette/content/action.js:1156:16
action.dispatchTickActions@chrome://marionette/content/action.js:1060:35
action.dispatch/chainEvents<@chrome://marionette/content/action.js:1028:20
console.warn: LoginRecipes: "getRecipes: falling back to a synchronous message for:" "http://192.168.159.143:8080"
1587622048385	Marionette	INFO	Stopped listening on port 35088

###!!! [Child][RunMessage] Error: Channel closing: too late to send/recv, messages will be lost


###!!! [Child][MessageChannel::SendAndWait] Error: Channel error: cannot send/recv

webextension.doh-rollout@mozilla.org	WARN	Loading extension 'doh-rollout@mozilla.org': Reading manifest: Invalid extension permission: networkStatus
1587621923023	addons.webextension.screenshots@mozilla.org	WARN	Loading extension 'screenshots@mozilla.org': Reading manifest: Invalid extension permission: mozillaAddons
1587621923023	addons.webextension.screenshots@mozilla.org	WARN	Loading extension 'screenshots@mozilla.org': Reading manifest: Invalid extension permission: telemetry
1587621923024	addons.webextension.screenshots@mozilla.org	WARN	Loading extension 'screenshots@mozilla.org': Reading manifest: Invalid extension permission: resource://pdf.js/
1587621923024	addons.webextension.screenshots@mozilla.org	WARN	Loading extension 'screenshots@mozilla.org': Reading manifest: Invalid extension permission: about:reader*
JavaScript error: resource://gre/modules/XULStore.jsm, line 66: Error: Can't find profile directory.
1587621925547	Marionette	INFO	Listening on port 35169
1587621925753	Marionette	WARN	TLS certificate errors will be ignored for this session
JavaScript warning: http://192.168.159.143:8080/WoniuBoss2.5/js/moment-with-locales.min.js, line 1: unreachable code after return statement
JavaScript warning: http://192.168.159.143:8080/WoniuBoss2.5/, line 2728: unreachable code after return statement
1587621935593	Marionette	WARN	TimedPromise timed out after 0 ms: stacktrace:
TimedPromise/<@chrome://marionette/content/sync.js:244:13
TimedPromise@chrome://marionette/content/sync.js:229:10
Sleep@chrome://marionette/content/sync.js:282:10
dispatchPause@chrome://marionette/content/action.js:1482:10
toEvents/<@chrome://marionette/content/action.js:1156:16
action.dispatchTickActions@chrome://marionette/content/action.js:1060:35
action.dispatch/chainEvents<@chrome://marionette/content/action.js:1028:20
action.dispatch@chrome://marionette/content/action.js:1034:5
performActions@chrome://marionette/content/listener.js:850:16
dispatch/</req<@chrome://marionette/content/listener.js:527:14
dispatch/<@chrome://marionette/content/listener.js:520:15
1587621935931	Marionette	WARN	TimedPromise timed out after 0 ms: stacktrace:
TimedPromise/<@chrome://marionette/content/sync.js:244:13
TimedPromise@chrome://marionette/content/sync.js:229:10
Sleep@chrome://marionette/content/sync.js:282:10
dispatchPause@chrome://marionette/content/action.js:1482:10
toEvents/<@chrome://marionette/content/action.js:1156:16
action.dispatchTickActions@chrome://marionette/content/action.js:1060:35
action.dispatch/chainEvents<@chrome://marionette/content/action.js:1028:20
1587621935937	Marionette	WARN	TimedPromise timed out after 0 ms: stacktrace:
TimedPromise/<@chrome://marionette/content/sync.js:244:13
TimedPromise@chrome://marionette/content/sync.js:229:10
Sleep@chrome://marionette/content/sync.js:282:10
dispatchPause@chrome://marionette/content/action.js:1482:10
toEvents/<@chrome://marionette/content/action.js:1156:16
action.dispatchTickActions@chrome://marionette/content/action.js:1060:35
action.dispatch/chainEvents<@chrome://marionette/content/action.js:1028:20
1587621935939	Marionette	WARN	TimedPromise timed out after 0 ms: stacktrace:
TimedPromise/<@chrome://marionette/content/sync.js:244:13
TimedPromise@chrome://marionette/content/sync.js:229:10
Sleep@chrome://marionette/content/sync.js:282:10
dispatchPause@chrome://marionette/content/action.js:1482:10
toEvents/<@chrome://marionette/content/action.js:1156:16
action.dispatchTickActions@chrome://marionette/content/action.js:1060:35
action.dispatch/chainEvents<@chrome://marionette/content/action.js:1028:20
1587621935942	Marionette	WARN	TimedPromise timed out after 0 ms: stacktrace:
TimedPromise/<@chrome://marionette/content/sync.js:244:13
TimedPromise@chrome://marionette/content/sync.js:229:10
Sleep@chrome://marionette/content/sync.js:282:10
dispatchPause@chrome://marionette/content/action.js:1482:10
toEvents/<@chrome://marionette/content/action.js:1156:16
action.dispatchTickActions@chrome://marionette/content/action.js:1060:35
action.dispatch/chainEvents<@chrome://marionette/content/action.js:1028:20
1587621939208	Marionette	WARN	TimedPromise timed out after 0 ms: stacktrace:
TimedPromise/<@chrome://marionette/content/sync.js:244:13
TimedPromise@chrome://marionette/content/sync.js:229:10
Sleep@chrome://marionette/content/sync.js:282:10
dispatchPause@chrome://marionette/content/action.js:1482:10
toEvents/<@chrome://marionette/content/action.js:1156:16
action.dispatchTickActions@chrome://marionette/content/action.js:1060:35
action.dispatch/chainEvents<@chrome://marionette/content/action.js:1028:20
action.dispatch@chrome://marionette/content/action.js:1034:5
performActions@chrome://marionette/content/listener.js:850:16
dispatch/</req<@chrome://marionette/content/listener.js:527:14
dispatch/<@chrome://marionette/content/listener.js:520:15
1587621939595	Marionette	WARN	TimedPromise timed out after 0 ms: stacktrace:
TimedPromise/<@chrome://marionette/content/sync.js:244:13
TimedPromise@chrome://marionette/content/sync.js:229:10
Sleep@chrome://marionette/content/sync.js:282:10
dispatchPause@chrome://marionette/content/action.js:1482:10
toEvents/<@chrome://marionette/content/action.js:1156:16
action.dispatchTickActions@chrome://marionette/content/action.js:1060:35
action.dispatch/chainEvents<@chrome://marionette/content/action.js:1028:20
1587621939601	Marionette	WARN	TimedPromise timed out after 0 ms: stacktrace:
TimedPromise/<@chrome://marionette/content/sync.js:244:13
TimedPromise@chrome://marionette/content/sync.js:229:10
Sleep@chrome://marionette/content/sync.js:282:10
dispatchPause@chrome://marionette/content/action.js:1482:10
toEvents/<@chrome://marionette/content/action.js:1156:16
action.dispatchTickActions@chrome://marionette/content/action.js:1060:35
action.dispatch/chainEvents<@chrome://marionette/content/action.js:1028:20
1587621939603	Marionette	WARN	TimedPromise timed out after 0 ms: stacktrace:
TimedPromise/<@chrome://marionette/content/sync.js:244:13
TimedPromise@chrome://marionette/content/sync.js:229:10
Sleep@chrome://marionette/content/sync.js:282:10
dispatchPause@chrome://marionette/content/action.js:1482:10
toEvents/<@chrome://marionette/content/action.js:1156:16
action.dispatchTickActions@chrome://marionette/content/action.js:1060:35
action.dispatch/chainEvents<@chrome://marionette/content/action.js:1028:20
1587621939607	Marionette	WARN	TimedPromise timed out after 0 ms: stacktrace:
TimedPromise/<@chrome://marionette/content/sync.js:244:13
TimedPromise@chrome://marionette/content/sync.js:229:10
Sleep@chrome://marionette/content/sync.js:282:10
dispatchPause@chrome://marionette/content/action.js:1482:10
toEvents/<@chrome://marionette/content/action.js:1156:16
action.dispatchTickActions@chrome://marionette/content/action.js:1060:35
action.dispatch/chainEvents<@chrome://marionette/content/action.js:1028:20
console.warn: LoginRecipes: "getRecipes: falling back to a synchronous message for:" "http://192.168.159.143:8080"
1587622049315	mozrunner::runner	INFO	Running command: "D:\\Program Files\\Mozilla Firefox\\firefox.exe" "-marionette" "-foreground" "-no-remote" "-profile" "C:\\Users\\杜越新\\AppData\\Local\\Temp\\rust_mozprofile.FaACruUlDFSp"
1587622050576	addons.webextension.doh-rollout@mozilla.org	WARN	Loading extension 'doh-rollout@mozilla.org': Reading manifest: Invalid extension permission: networkStatus
1587622051384	addons.webextension.screenshots@mozilla.org	WARN	Loading extension 'screenshots@mozilla.org': Reading manifest: Invalid extension permission: mozillaAddons
1587622051384	addons.webextension.screenshots@mozilla.org	WARN	Loading extension 'screenshots@mozilla.org': Reading manifest: Invalid extension permission: telemetry
1587622051384	addons.webextension.screenshots@mozilla.org	WARN	Loading extension 'screenshots@mozilla.org': Reading manifest: Invalid extension permission: resource://pdf.js/
1587622051385	addons.webextension.screenshots@mozilla.org	WARN	Loading extension 'screenshots@mozilla.org': Reading manifest: Invalid extension permission: about:reader*
JavaScript error: resource://gre/modules/XULStore.jsm, line 66: Error: Can't find profile directory.
1587622053919	Marionette	INFO	Listening on port 35251
1587622054053	Marionette	WARN	TLS certificate errors will be ignored for this session
JavaScript warning: http://192.168.159.143:8080/WoniuBoss2.5/js/moment-with-locales.min.js, line 1: unreachable code after return statement
JavaScript warning: http://192.168.159.143:8080/WoniuBoss2.5/, line 2728: unreachable code after return statement
JavaScript error: resource://gre/modules/NetworkGeolocationProvider.jsm, line 555: TypeError: xhr.response.location is undefined
console.warn: LoginRecipes: "getRecipes: falling back to a synchronous message for:" "http://192.168.159.143:8080"
console.error: (new TypeError("currentNode is null", "resource://devtools/client/inspector/shared/style-change-tracker.js", 66))
TypeError: currentNode is null: canMutationImpactCurrentStyles@resource://devtools/client/inspector/shared/style-change-tracker.js:66:20
onMutations@resource://devtools/client/inspector/shared/style-change-tracker.js:84:41
_emit@resource://devtools/shared/event-emitter.js:226:34
emit@resource://devtools/shared/event-emitter.js:172:18
emit@resource://devtools/shared/event-emitter.js:324:18
getMutations@resource://devtools/shared/fronts/walker.js:411:10

console.warn: LoginRecipes: "getRecipes: falling back to a synchronous message for:" "http://192.168.159.143:8080"
console.warn: LoginRecipes: "getRecipes: falling back to a synchronous message for:" "http://192.168.159.143:8080"
console.error: "Error while calling actor 'pagestyle's method 'getApplied'" "node is null"
console.error: "getApplied@resource://devtools/server/actors/styles.js:587:5\nhandler@resource://devtools/shared/protocol/Actor.js:154:37\nonPacket@resource://devtools/server/devtools-server-connection.js:380:58\nreceiveMessage@resource://devtools/shared/transport/child-transport.js:66:16\n"
console.error: (new Error("Protocol error (unknownError): node is null", "resource://devtools/shared/protocol/Front.js", 294))
JavaScript warning: https://csdnimg.cn/public/common/libs/jquery/jquery-1.9.1.min.js, line 2: Using //@ to indicate sourceMappingURL pragmas is deprecated. Use //# instead
JavaScript warning: https://pos.baidu.com/rccm?conwid=300&conhei=250&rdid=3163270&dc=3&exps=110011&psi=ac34bb54b4f28c4a8881f890b3436491&di=u3163270&dri=0&dis=0&dai=3&ps=2328x77&enu=encoding&ant=0&dcb=___adblockplus_&dtm=HTML_POST&dvi=0.0&dci=-1&dpt=none&tsr=0&tpr=1587622363067&ti=%E5%9C%A8%E5%9B%BA%E5%AE%9A%E6%97%B6%E9%97%B4%E5%86%85%EF%BC%8C%E6%B8%85%E7%A9%BAinput%E6%A1%86%E5%86%85%E5%AE%B9%E3%80%81_%E4%B8%93%E6%A0%8F-CSDN%E5%8D%9A%E5%AE%A2&ari=2&ver=0416&dbv=0&drs=1&pcs=1267x895&pss=1267x4086&cfv=0&cpl=0&chi=1&cce=true&cec=UTF-8&tlm=1587622363&prot=2&rw=895&ltu=https%3A%2F%2Fblog.csdn.net%2Fg631521612%2Farticle%2Fdetails%2F8882851&ltr=https%3A%2F%2Fwww.baidu.com%2Flink%3Furl%3DcN1lxJv6MCiexR0CfOM4XB4YYnLoXybT8R1oxlyo5AyYwxwRn5v47slSaJapKVQNRPaMcfLgN2EhuRHOFyr2zaFzp67znReEoya22OTlNYm%26wd%3D%26eqid%3D9134a82f0003d6d4000000065ea131bc&lcr=https%3A%2F%2Fwww.baidu.com%2Flink%3Furl%3DcN1lxJv6MCiexR0CfOM4XB4YYnLoXybT8R1oxlyo5AyYwxwRn5v47slSaJapKVQNRPaMcfLgN2EhuRHOFyr2zaFzp67znReEoya22OTlNYm%26wd%3D%26eqid%3D9134a82f0003d6d4000000065ea131bc&ecd=1&uc=1920x1040&pis=-1x-1&sr=1920x1080&tcn=1587622363&qn=56585df057c67da1&tt=1587622363055.24.373.374, line 137: unreachable code after return statement
JavaScript warning: https://pos.baidu.com/rccm?conwid=300&conhei=250&rdid=3163270&dc=3&exps=110011&psi=ac34bb54b4f28c4a8881f890b3436491&di=u3163270&dri=0&dis=0&dai=3&ps=2328x77&enu=encoding&ant=0&dcb=___adblockplus_&dtm=HTML_POST&dvi=0.0&dci=-1&dpt=none&tsr=0&tpr=1587622363067&ti=%E5%9C%A8%E5%9B%BA%E5%AE%9A%E6%97%B6%E9%97%B4%E5%86%85%EF%BC%8C%E6%B8%85%E7%A9%BAinput%E6%A1%86%E5%86%85%E5%AE%B9%E3%80%81_%E4%B8%93%E6%A0%8F-CSDN%E5%8D%9A%E5%AE%A2&ari=2&ver=0416&dbv=0&drs=1&pcs=1267x895&pss=1267x4086&cfv=0&cpl=0&chi=1&cce=true&cec=UTF-8&tlm=1587622363&prot=2&rw=895&ltu=https%3A%2F%2Fblog.csdn.net%2Fg631521612%2Farticle%2Fdetails%2F8882851&ltr=https%3A%2F%2Fwww.baidu.com%2Flink%3Furl%3DcN1lxJv6MCiexR0CfOM4XB4YYnLoXybT8R1oxlyo5AyYwxwRn5v47slSaJapKVQNRPaMcfLgN2EhuRHOFyr2zaFzp67znReEoya22OTlNYm%26wd%3D%26eqid%3D9134a82f0003d6d4000000065ea131bc&lcr=https%3A%2F%2Fwww.baidu.com%2Flink%3Furl%3DcN1lxJv6MCiexR0CfOM4XB4YYnLoXybT8R1oxlyo5AyYwxwRn5v47slSaJapKVQNRPaMcfLgN2EhuRHOFyr2zaFzp67znReEoya22OTlNYm%26wd%3D%26eqid%3D9134a82f0003d6d4000000065ea131bc&ecd=1&uc=1920x1040&pis=-1x-1&sr=1920x1080&tcn=1587622363&qn=56585df057c67da1&tt=1587622363055.24.373.374, line 137: unreachable code after return statement
1587622410253	Marionette	INFO	Stopped listening on port 35251

###!!! [Child][RunMessage] Error: Channel closing: too late to send/recv, messages will be lost


###!!! [Child][MessageChannel::SendAndWait] Error: Channel error: cannot send/recv

1587622800193	mozrunner::runner	INFO	Running command: "D:\\Program Files\\Mozilla Firefox\\firefox.exe" "-marionette" "-foreground" "-no-remote" "-profile" "C:\\Users\\杜越新\\AppData\\Local\\Temp\\rust_mozprofile.hSWf29TjxPbt"
1587622801315	addons.webextension.doh-rollout@mozilla.org	WARN	Loading extension 'doh-rollout@mozilla.org': Reading manifest: Invalid extension permission: networkStatus
1587622802033	addons.webextension.screenshots@mozilla.org	WARN	Loading extension 'screenshots@mozilla.org': Reading manifest: Invalid extension permission: mozillaAddons
1587622802033	addons.webextension.screenshots@mozilla.org	WARN	Loading extension 'screenshots@mozilla.org': Reading manifest: Invalid extension permission: telemetry
1587622802034	addons.webextension.screenshots@mozilla.org	WARN	Loading extension 'screenshots@mozilla.org': Reading manifest: Invalid extension permission: resource://pdf.js/
1587622802034	addons.webextension.screenshots@mozilla.org	WARN	Loading extension 'screenshots@mozilla.org': Reading manifest: Invalid extension permission: about:reader*
JavaScript error: resource://gre/modules/XULStore.jsm, line 66: Error: Can't find profile directory.
1587622804582	Marionette	INFO	Listening on port 35636
1587622804919	Marionette	WARN	TLS certificate errors will be ignored for this session
JavaScript warning: http://192.168.159.143:8080/WoniuBoss2.5/js/moment-with-locales.min.js, line 1: unreachable code after return statement
JavaScript warning: http://192.168.159.143:8080/WoniuBoss2.5/, line 2728: unreachable code after return statement
JavaScript error: resource://gre/modules/NetworkGeolocationProvider.jsm, line 555: TypeError: xhr.response.location is undefined
IPDL protocol error: Handler returned error code!

###!!! [Parent][DispatchAsyncMessage] Error: PLayerTransaction::Msg_ReleaseLayer Processing error: message was deserialized, but the handler returned false (indicating failure)

1587622879849	Marionette	INFO	Stopped listening on port 35636

###!!! [Child][MessageChannel::SendAndWait] Error: Channel error: cannot send/recv

1587622890810	mozrunner::runner	INFO	Running command: "D:\\Program Files\\Mozilla Firefox\\firefox.exe" "-marionette" "-foreground" "-no-remote" "-profile" "C:\\Users\\杜越新\\AppData\\Local\\Temp\\rust_mozprofile.WoPpXyZ4kCet"
1587622891901	addons.webextension.doh-rollout@mozilla.org	WARN	Loading extension 'doh-rollout@mozilla.org': Reading manifest: Invalid extension permission: networkStatus
1587622892599	addons.webextension.screenshots@mozilla.org	WARN	Loading extension 'screenshots@mozilla.org': Reading manifest: Invalid extension permission: mozillaAddons
1587622892599	addons.webextension.screenshots@mozilla.org	WARN	Loading extension 'screenshots@mozilla.org': Reading manifest: Invalid extension permission: telemetry
1587622892599	addons.webextension.screenshots@mozilla.org	WARN	Loading extension 'screenshots@mozilla.org': Reading manifest: Invalid extension permission: resource://pdf.js/
1587622892599	addons.webextension.screenshots@mozilla.org	WARN	Loading extension 'screenshots@mozilla.org': Reading manifest: Invalid extension permission: about:reader*
JavaScript error: resource://gre/modules/XULStore.jsm, line 66: Error: Can't find profile directory.
1587622895152	Marionette	INFO	Listening on port 35707
1587622895549	Marionette	WARN	TLS certificate errors will be ignored for this session
JavaScript warning: http://192.168.159.143:8080/WoniuBoss2.5/js/moment-with-locales.min.js, line 1: unreachable code after return statement
JavaScript warning: http://192.168.159.143:8080/WoniuBoss2.5/, line 2728: unreachable code after return statement
console.warn: LoginRecipes: "getRecipes: falling back to a synchronous message for:" "http://192.168.159.143:8080"
1587628189009	mozrunner::runner	INFO	Running command: "D:\\Program Files\\Mozilla Firefox\\firefox.exe" "-marionette" "-foreground" "-no-remote" "-profile" "C:\\Users\\杜越新\\AppData\\Local\\Temp\\rust_mozprofile.5ljoCtHegNYo"
1587628192047	addons.webextension.doh-rollout@mozilla.org	WARN	Loading extension 'doh-rollout@mozilla.org': Reading manifest: Invalid extension permission: networkStatus
1587628192801	addons.webextension.screenshots@mozilla.org	WARN	Loading extension 'screenshots@mozilla.org': Reading manifest: Invalid extension permission: mozillaAddons
1587628192801	addons.webextension.screenshots@mozilla.org	WARN	Loading extension 'screenshots@mozilla.org': Reading manifest: Invalid extension permission: telemetry
1587628192801	addons.webextension.screenshots@mozilla.org	WARN	Loading extension 'screenshots@mozilla.org': Reading manifest: Invalid extension permission: resource://pdf.js/
1587628192801	addons.webextension.screenshots@mozilla.org	WARN	Loading extension 'screenshots@mozilla.org': Reading manifest: Invalid extension permission: about:reader*
JavaScript error: resource://gre/modules/XULStore.jsm, line 66: Error: Can't find profile directory.
1587628195522	Marionette	INFO	Listening on port 36198
1587628195874	Marionette	WARN	TLS certificate errors will be ignored for this session
JavaScript warning: http://192.168.159.143:8080/WoniuBoss2.5/js/moment-with-locales.min.js, line 1: unreachable code after return statement
JavaScript warning: http://192.168.159.143:8080/WoniuBoss2.5/, line 2728: unreachable code after return statement
JavaScript warning: http://192.168.159.143:8080/WoniuBoss2.5/js/moment-with-locales.min.js, line 1: unreachable code after return statement
JavaScript warning: http://192.168.159.143:8080/WoniuBoss2.5/, line 2728: unreachable code after return statement
1587649145650	Marionette	INFO	Stopped listening on port 36198

###!!! [Child][MessageChannel::SendAndWait] Error: Channel error: cannot send/recv

ile" "C:\\Users\\杜越新\\AppData\\Local\\Temp\\rust_mozprofile.7uoijmctyosY"
1587649102768	addons.webextension.doh-rollout@mozilla.org	WARN	Loading extension 'doh-rollout@mozilla.org': Reading manifest: Invalid extension permission: networkStatus
1587649103572	addons.webextension.screenshots@mozilla.org	WARN	Loading extension 'screenshots@mozilla.org': Reading manifest: Invalid extension permission: mozillaAddons
1587649103572	addons.webextension.screenshots@mozilla.org	WARN	Loading extension 'screenshots@mozilla.org': Reading manifest: Invalid extension permission: telemetry
1587649103572	addons.webextension.screenshots@mozilla.org	WARN	Loading extension 'screenshots@mozilla.org': Reading manifest: Invalid extension permission: resource://pdf.js/
1587649103572	addons.webextension.screenshots@mozilla.org	WARN	Loading extension 'screenshots@mozilla.org': Reading manifest: Invalid extension permission: about:reader*
JavaScript error: resource://gre/modules/XULStore.jsm, line 66: Error: Can't find profile directory.
1587649106879	Marionette	INFO	Listening on port 63155
1587649107066	Marionette	WARN	TLS certificate errors will be ignored for this session
JavaScript warning: http://192.168.159.143:8080/WoniuBoss2.5/js/moment-with-locales.min.js, line 1: unreachable code after return statement
JavaScript warning: http://192.168.159.143:8080/WoniuBoss2.5/, line 2728: unreachable code after return statement
JavaScript error: http://192.168.159.143:8080/WoniuBoss2.5/assets, line 1411: SyntaxError: expected expression, got '!='
JavaScript error: http://192.168.159.143:8080/WoniuBoss2.5/assets, line 1411: SyntaxError: expected expression, got '!='
JavaScript error: http://192.168.159.143:8080/WoniuBoss2.5/assets, line 1411: SyntaxError: expected expression, got '!='
JavaScript error: http://192.168.159.143:8080/WoniuBoss2.5/assets, line 1411: SyntaxError: expected expression, got '!='
1587649975042	Marionette	INFO	Stopped listening on port 63155

###!!! [Child][RunMessage] Error: Channel closing: too late to send/recv, messages will be lost


###!!! [Child][MessageChannel::SendAndWait] Error: Channel error: cannot send/recv

